<?xml version="1.0" encoding="UTF-8"?>
<testng-results ignored="0" total="2" passed="2" failed="0" skipped="0">
  <reporter-output>
  </reporter-output>
  <suite started-at="2025-04-17T16:43:19 IST" name="Default suite" finished-at="2025-04-17T16:43:40 IST" duration-ms="21071">
    <groups>
    </groups>
    <test started-at="2025-04-17T16:43:19 IST" name="Default test" finished-at="2025-04-17T16:43:40 IST" duration-ms="21071">
      <class name="tests.NewTest">
        <test-method signature="f()[pri:0, instance:tests.NewTest@2e3967ea]" started-at="2025-04-17T16:43:19 IST" name="f" finished-at="2025-04-17T16:43:30 IST" duration-ms="10725" status="PASS">
          <reporter-output>
          </reporter-output>
        </test-method> <!-- f -->
        <test-method signature="login()[pri:0, instance:tests.NewTest@2e3967ea]" started-at="2025-04-17T16:43:30 IST" name="login" finished-at="2025-04-17T16:43:40 IST" duration-ms="10162" status="PASS">
          <reporter-output>
          </reporter-output>
        </test-method> <!-- login -->
      </class> <!-- tests.NewTest -->
    </test> <!-- Default test -->
  </suite> <!-- Default suite -->
</testng-results>
